<?xml version="1.0" encoding="UTF-8"?>
<!-- Generated by org.testng.reporters.JUnitXMLReporter -->
<testsuite hostname="Vinesh-PC" ignored="5" name="forgnewchecjkvinGroupExample(failed)(failed)" tests="1" failures="0" timestamp="09 Jun 2020 09:44:45 GMT" time="0.031" errors="0">
  <testcase name="test2" time="0.015" classname="vinTestngStart.TestvinExam1"/>
  <testcase name="test6" time="0.0" classname="vinTestngStart.TestvinExam1">
    <ignored/>
  </testcase> <!-- test6 -->
  <testcase name="test1" time="0.0" classname="vinTestngStart.TestvinExam1">
    <ignored/>
  </testcase> <!-- test1 -->
  <testcase name="test4" time="0.0" classname="vinTestngStart.TestvinExam1">
    <ignored/>
  </testcase> <!-- test4 -->
  <testcase name="test3" time="0.0" classname="vinTestngStart.TestvinExam1">
    <ignored/>
  </testcase> <!-- test3 -->
  <testcase name="test5" time="0.0" classname="vinTestngStart.TestvinExam1">
    <ignored/>
  </testcase> <!-- test5 -->
</testsuite> <!-- forgnewchecjkvinGroupExample(failed)(failed) -->
