<?xml version="1.0" encoding="UTF-8"?>
<!-- Generated by org.testng.reporters.JUnitXMLReporter -->
<testsuite hostname="Vinesh-PC" ignored="0" name="Default test" tests="4" failures="0" timestamp="23 Mar 2025 10:32:32 GMT" time="0.047" errors="0">
  <testcase name="test9" time="0.011" classname="vinTestngStart.TestvinExam2"/>
  <testcase name="test7" time="0.001" classname="vinTestngStart.TestvinExam2"/>
  <testcase name="test10" time="0.002" classname="vinTestngStart.TestvinExam2"/>
  <testcase name="test8" time="0.004" classname="vinTestngStart.TestvinExam2"/>
</testsuite> <!-- Default test -->
