<?xml version="1.0" encoding="UTF-8"?>
<!-- Generated by org.testng.reporters.JUnitXMLReporter -->
<testsuite hostname="Vinesh-PC" ignored="5" name="forgnewchecjkvinGroupExample" tests="7" failures="1" timestamp="23 Mar 2025 12:12:05 GMT" time="0.066" errors="0">
  <testcase name="test2" time="0.011" classname="vinTestngStart.TestvinExam1"/>
  <testcase name="test3" time="0.003" classname="vinTestngStart.TestvinExam1">
    <skipped/>
  </testcase> <!-- test3 -->
  <testcase name="test3" time="0.002" classname="vinTestngStart.TestvinExam1">
    <skipped/>
  </testcase> <!-- test3 -->
  <testcase name="test3" time="0.002" classname="vinTestngStart.TestvinExam1">
    <failure type="java.lang.AssertionError" message="expected [true] but found [false]">
      <![CDATA[java.lang.AssertionError: expected [true] but found [false]
	at vinTestngStart.TestvinExam1.test3(TestvinExam1.java:27)
... Removed 29 stack frames]]>
    </failure>
  </testcase> <!-- test3 -->
  <testcase name="test6" time="0.002" classname="vinTestngStart.TestvinExam1"/>
  <testcase name="test9" time="0.002" classname="vinTestngStart.TestvinExam2"/>
  <testcase name="test7" time="0.002" classname="vinTestngStart.TestvinExam2"/>
  <testcase name="test1" time="0.0" classname="vinTestngStart.TestvinExam1">
    <ignored/>
  </testcase> <!-- test1 -->
  <testcase name="test4" time="0.0" classname="vinTestngStart.TestvinExam1">
    <ignored/>
  </testcase> <!-- test4 -->
  <testcase name="test8" time="0.0" classname="vinTestngStart.TestvinExam2">
    <ignored/>
  </testcase> <!-- test8 -->
  <testcase name="test10" time="0.0" classname="vinTestngStart.TestvinExam2">
    <ignored/>
  </testcase> <!-- test10 -->
  <testcase name="test5" time="0.0" classname="vinTestngStart.TestvinExam1">
    <ignored/>
  </testcase> <!-- test5 -->
</testsuite> <!-- forgnewchecjkvinGroupExample -->
