<?xml version="1.0" encoding="UTF-8"?>
<!-- Generated by org.testng.reporters.JUnitXMLReporter -->
<testsuite hostname="Vinesh-PC" ignored="0" name="Regression1" tests="3" failures="0" timestamp="07 Feb 2017 17:32:29 GMT" time="57.032" errors="0">
  <testcase name="loginToGmail" time="0.559" classname="vinTestngStart.NewTest"/>
  <testcase name="loginToGmail" time="0.593" classname="vinTestngStart.Test1"/>
  <testcase name="createGmailaccount" time="1.042" classname="vinTestngStart.NewTest"/>
</testsuite> <!-- Regression1 -->
