<?xml version="1.0" encoding="UTF-8"?>
<!-- Generated by org.testng.reporters.JUnitXMLReporter -->
<testsuite hostname="Vinesh-PC" ignored="4" name="forgnewchecjkvinGroupExample(failed)" tests="2" failures="1" timestamp="09 Jun 2020 09:42:30 GMT" time="0.047" errors="0">
  <testcase name="test3" time="0.015" classname="vinTestngStart.TestvinExam1"/>
  <testcase name="test2" time="0.0" classname="vinTestngStart.TestvinExam1">
    <failure type="java.lang.ArithmeticException" message="/ by zero">
      <![CDATA[java.lang.ArithmeticException: / by zero
	at vinTestngStart.TestvinExam1.test2(TestvinExam1.java:23)
... Removed 25 stack frames]]>
    </failure>
  </testcase> <!-- test2 -->
  <testcase name="test6" time="0.0" classname="vinTestngStart.TestvinExam1">
    <ignored/>
  </testcase> <!-- test6 -->
  <testcase name="test1" time="0.0" classname="vinTestngStart.TestvinExam1">
    <ignored/>
  </testcase> <!-- test1 -->
  <testcase name="test4" time="0.0" classname="vinTestngStart.TestvinExam1">
    <ignored/>
  </testcase> <!-- test4 -->
  <testcase name="test5" time="0.0" classname="vinTestngStart.TestvinExam1">
    <ignored/>
  </testcase> <!-- test5 -->
</testsuite> <!-- forgnewchecjkvinGroupExample(failed) -->
