<?xml version="1.0" encoding="UTF-8"?>
<testng-results skipped="0" failed="0" ignored="0" total="1" passed="1">
  <reporter-output>
  </reporter-output>
  <suite name="Default suite" duration-ms="31" started-at="2020-06-14T15:01:19Z" finished-at="2020-06-14T15:01:19Z">
    <groups>
      <group name="My Test">
        <method signature="StringBufferDemovin.vintooffer()[pri:4, instance:vinSelnewInter.StringBufferDemovin@448192]" name="vintooffer" class="vinSelnewInter.StringBufferDemovin"/>
      </group> <!-- My Test -->
    </groups>
    <test name="Default test" duration-ms="31" started-at="2020-06-14T15:01:19Z" finished-at="2020-06-14T15:01:19Z">
      <class name="vinSelnewInter.StringBufferDemovin">
        <test-method status="PASS" signature="vintooffer()[pri:4, instance:vinSelnewInter.StringBufferDemovin@448192]" name="vintooffer" duration-ms="0" started-at="2020-06-14T20:31:19Z" finished-at="2020-06-14T20:31:19Z">
          <reporter-output>
          </reporter-output>
        </test-method> <!-- vintooffer -->
      </class> <!-- vinSelnewInter.StringBufferDemovin -->
    </test> <!-- Default test -->
  </suite> <!-- Default suite -->
</testng-results>
